vagrant@vagrant-ubuntu-trusty-64:/vagrant/101$ mongorestore --db enron --collection messages --drop enron/dump/enron/messages.bson --batchSize=1  
2016-02-18T12:27:44.660+0800    checking for collection data in enron/dump/enron/messages.bson                                                
2016-02-18T12:27:44.674+0800    reading metadata for m101.enron from                                                                          
2016-02-18T12:27:44.676+0800    restoring m101.enron from                                                                                     
2016-02-18T12:27:47.665+0800    [##......................]  m101.enron  33.5 MB/377.9 MB  (8.9%)                                              
2016-02-18T12:27:50.666+0800    [####....................]  m101.enron  78.7 MB/377.9 MB  (20.8%)                                             
2016-02-18T12:27:53.664+0800    [######..................]  m101.enron  109.7 MB/377.9 MB  (29.0%)                                            
2016-02-18T12:27:56.665+0800    [#########...............]  m101.enron  155.5 MB/377.9 MB  (41.2%)                                            
2016-02-18T12:27:59.665+0800    [############............]  m101.enron  189.1 MB/377.9 MB  (50.0%)                                            
2016-02-18T12:28:02.665+0800    [##############..........]  m101.enron  235.9 MB/377.9 MB  (62.4%)                                            
2016-02-18T12:28:05.666+0800    [################........]  m101.enron  258.7 MB/377.9 MB  (68.5%)                                            
2016-02-18T12:28:08.664+0800    [#################.......]  m101.enron  283.1 MB/377.9 MB  (74.9%)                                            
2016-02-18T12:28:11.666+0800    [###################.....]  m101.enron  314.9 MB/377.9 MB  (83.3%)                                            
2016-02-18T12:28:14.663+0800    [#####################...]  m101.enron  334.0 MB/377.9 MB  (88.4%)                                            
2016-02-18T12:28:17.663+0800    [######################..]  m101.enron  351.6 MB/377.9 MB  (93.0%)                                            
2016-02-18T12:28:20.663+0800    [######################..]  m101.enron  358.6 MB/377.9 MB  (94.9%)                                            
2016-02-18T12:28:23.671+0800    [#######################.]  m101.enron  373.6 MB/377.9 MB  (98.9%)                                            
2016-02-18T12:28:25.386+0800    [########################]  m101.enron  377.9 MB/377.9 MB  (100.0%)                                           
2016-02-18T12:28:25.386+0800    restoring indexes for collection m101.enron from metadata                                                     
2016-02-18T12:28:25.873+0800    finished restoring m101.enron (120477 documents)                                                              
2016-02-18T12:28:25.873+0800    done                                                                                                          